[ 2016-08-28T11:42:22+08:00 ] ::1 /oa_template/OA_template/
INFO: [ app_init ] --START--
INFO: Run Behavior\BuildLiteBehavior [ RunTime:0.000040s ]
INFO: [ app_init ] --END-- [ RunTime:0.013299s ]
INFO: [ app_begin ] --START--
INFO: Run Behavior\ReadHtmlCacheBehavior [ RunTime:0.012615s ]
INFO: [ app_begin ] --END-- [ RunTime:0.012818s ]
INFO: [ view_parse ] --START--
INFO: [ template_filter ] --START--
INFO: Run Behavior\ContentReplaceBehavior [ RunTime:0.001602s ]
INFO: [ template_filter ] --END-- [ RunTime:0.001792s ]
NOTIC: [8] Undefined variable: parseStr E:\wamp\www\OA_template\OA_template\Application\Home\Controller\PublicController.class.php 第 27 行.
NOTIC: [8] Undefined variable: topMenuId E:\wamp\www\OA_template\OA_template\Application\Home\Controller\PublicController.class.php 第 31 行.
NOTIC: [8] Undefined variable: topMenuId E:\wamp\www\OA_template\OA_template\Application\Home\Controller\PublicController.class.php 第 31 行.
NOTIC: [8] Undefined variable: topMenuId E:\wamp\www\OA_template\OA_template\Application\Home\Controller\PublicController.class.php 第 31 行.
NOTIC: [8] Undefined variable: topMenuId E:\wamp\www\OA_template\OA_template\Application\Home\Controller\PublicController.class.php 第 31 行.
NOTIC: [8] Undefined variable: topMenuId E:\wamp\www\OA_template\OA_template\Application\Home\Controller\PublicController.class.php 第 31 行.
INFO: Run Behavior\ParseTemplateBehavior [ RunTime:0.210429s ]
INFO: [ view_parse ] --END-- [ RunTime:0.210603s ]
INFO: [ view_filter ] --START--
INFO: Run Behavior\WriteHtmlCacheBehavior [ RunTime:0.008467s ]
INFO: [ view_filter ] --END-- [ RunTime:0.008631s ]
INFO: [ app_end ] --START--
INFO: Run Behavior\ShowPageTraceBehavior [ RunTime:0.014638s ]
INFO: [ app_end ] --END-- [ RunTime:0.014900s ]

[ 2016-08-28T11:42:24+08:00 ] ::1 /oa_template/OA_template/index.php
INFO: [ app_init ] --START--
INFO: Run Behavior\BuildLiteBehavior [ RunTime:0.000062s ]
INFO: [ app_init ] --END-- [ RunTime:0.000705s ]
INFO: [ app_begin ] --START--
INFO: Run Behavior\ReadHtmlCacheBehavior [ RunTime:0.000715s ]
INFO: [ app_begin ] --END-- [ RunTime:0.000924s ]
INFO: [ view_parse ] --START--
INFO: [ template_filter ] --START--
INFO: Run Behavior\ContentReplaceBehavior [ RunTime:0.000262s ]
INFO: [ template_filter ] --END-- [ RunTime:0.000567s ]
NOTIC: [8] Undefined variable: parseStr E:\wamp\www\OA_template\OA_template\Application\Home\Controller\PublicController.class.php 第 27 行.
NOTIC: [8] Undefined variable: topMenuId E:\wamp\www\OA_template\OA_template\Application\Home\Controller\PublicController.class.php 第 31 行.
NOTIC: [8] Undefined variable: topMenuId E:\wamp\www\OA_template\OA_template\Application\Home\Controller\PublicController.class.php 第 31 行.
NOTIC: [8] Undefined variable: topMenuId E:\wamp\www\OA_template\OA_template\Application\Home\Controller\PublicController.class.php 第 31 行.
NOTIC: [8] Undefined variable: topMenuId E:\wamp\www\OA_template\OA_template\Application\Home\Controller\PublicController.class.php 第 31 行.
NOTIC: [8] Undefined variable: topMenuId E:\wamp\www\OA_template\OA_template\Application\Home\Controller\PublicController.class.php 第 31 行.
INFO: Run Behavior\ParseTemplateBehavior [ RunTime:0.104752s ]
INFO: [ view_parse ] --END-- [ RunTime:0.104920s ]
INFO: [ view_filter ] --START--
INFO: Run Behavior\WriteHtmlCacheBehavior [ RunTime:0.000969s ]
INFO: [ view_filter ] --END-- [ RunTime:0.001223s ]
INFO: [ app_end ] --START--
INFO: Run Behavior\ShowPageTraceBehavior [ RunTime:0.001556s ]
INFO: [ app_end ] --END-- [ RunTime:0.001794s ]

[ 2016-08-28T11:42:25+08:00 ] ::1 /oa_template/OA_template/index.php
INFO: [ app_init ] --START--
INFO: Run Behavior\BuildLiteBehavior [ RunTime:0.000038s ]
INFO: [ app_init ] --END-- [ RunTime:0.000647s ]
INFO: [ app_begin ] --START--
INFO: Run Behavior\ReadHtmlCacheBehavior [ RunTime:0.001235s ]
INFO: [ app_begin ] --END-- [ RunTime:0.001554s ]
INFO: [ view_parse ] --START--
INFO: [ template_filter ] --START--
INFO: Run Behavior\ContentReplaceBehavior [ RunTime:0.000158s ]
INFO: [ template_filter ] --END-- [ RunTime:0.000385s ]
NOTIC: [8] Undefined variable: parseStr E:\wamp\www\OA_template\OA_template\Application\Home\Controller\PublicController.class.php 第 27 行.
NOTIC: [8] Undefined variable: topMenuId E:\wamp\www\OA_template\OA_template\Application\Home\Controller\PublicController.class.php 第 31 行.
NOTIC: [8] Undefined variable: topMenuId E:\wamp\www\OA_template\OA_template\Application\Home\Controller\PublicController.class.php 第 31 行.
NOTIC: [8] Undefined variable: topMenuId E:\wamp\www\OA_template\OA_template\Application\Home\Controller\PublicController.class.php 第 31 行.
NOTIC: [8] Undefined variable: topMenuId E:\wamp\www\OA_template\OA_template\Application\Home\Controller\PublicController.class.php 第 31 行.
NOTIC: [8] Undefined variable: topMenuId E:\wamp\www\OA_template\OA_template\Application\Home\Controller\PublicController.class.php 第 31 行.
INFO: Run Behavior\ParseTemplateBehavior [ RunTime:0.135395s ]
INFO: [ view_parse ] --END-- [ RunTime:0.135631s ]
INFO: [ view_filter ] --START--
INFO: Run Behavior\WriteHtmlCacheBehavior [ RunTime:0.000495s ]
INFO: [ view_filter ] --END-- [ RunTime:0.000688s ]
INFO: [ app_end ] --START--
INFO: Run Behavior\ShowPageTraceBehavior [ RunTime:0.000942s ]
INFO: [ app_end ] --END-- [ RunTime:0.001142s ]

[ 2016-08-28T11:42:26+08:00 ] ::1 /oa_template/OA_template/index.php
INFO: [ app_init ] --START--
INFO: Run Behavior\BuildLiteBehavior [ RunTime:0.000043s ]
INFO: [ app_init ] --END-- [ RunTime:0.001096s ]
INFO: [ app_begin ] --START--
INFO: Run Behavior\ReadHtmlCacheBehavior [ RunTime:0.000721s ]
INFO: [ app_begin ] --END-- [ RunTime:0.000894s ]
INFO: [ view_parse ] --START--
INFO: [ template_filter ] --START--
INFO: Run Behavior\ContentReplaceBehavior [ RunTime:0.000153s ]
INFO: [ template_filter ] --END-- [ RunTime:0.000328s ]
NOTIC: [8] Undefined variable: parseStr E:\wamp\www\OA_template\OA_template\Application\Home\Controller\PublicController.class.php 第 27 行.
NOTIC: [8] Undefined variable: topMenuId E:\wamp\www\OA_template\OA_template\Application\Home\Controller\PublicController.class.php 第 31 行.
NOTIC: [8] Undefined variable: topMenuId E:\wamp\www\OA_template\OA_template\Application\Home\Controller\PublicController.class.php 第 31 行.
NOTIC: [8] Undefined variable: topMenuId E:\wamp\www\OA_template\OA_template\Application\Home\Controller\PublicController.class.php 第 31 行.
NOTIC: [8] Undefined variable: topMenuId E:\wamp\www\OA_template\OA_template\Application\Home\Controller\PublicController.class.php 第 31 行.
NOTIC: [8] Undefined variable: topMenuId E:\wamp\www\OA_template\OA_template\Application\Home\Controller\PublicController.class.php 第 31 行.
INFO: Run Behavior\ParseTemplateBehavior [ RunTime:0.105867s ]
INFO: [ view_parse ] --END-- [ RunTime:0.106156s ]
INFO: [ view_filter ] --START--
INFO: Run Behavior\WriteHtmlCacheBehavior [ RunTime:0.001060s ]
INFO: [ view_filter ] --END-- [ RunTime:0.001342s ]
INFO: [ app_end ] --START--
INFO: Run Behavior\ShowPageTraceBehavior [ RunTime:0.002452s ]
INFO: [ app_end ] --END-- [ RunTime:0.002768s ]

[ 2016-08-28T11:42:26+08:00 ] ::1 /oa_template/OA_template/index.php
INFO: [ app_init ] --START--
INFO: Run Behavior\BuildLiteBehavior [ RunTime:0.000063s ]
INFO: [ app_init ] --END-- [ RunTime:0.000883s ]
INFO: [ app_begin ] --START--
INFO: Run Behavior\ReadHtmlCacheBehavior [ RunTime:0.001065s ]
INFO: [ app_begin ] --END-- [ RunTime:0.001589s ]
INFO: [ view_parse ] --START--
INFO: [ template_filter ] --START--
INFO: Run Behavior\ContentReplaceBehavior [ RunTime:0.000155s ]
INFO: [ template_filter ] --END-- [ RunTime:0.000335s ]
NOTIC: [8] Undefined variable: parseStr E:\wamp\www\OA_template\OA_template\Application\Home\Controller\PublicController.class.php 第 27 行.
NOTIC: [8] Undefined variable: topMenuId E:\wamp\www\OA_template\OA_template\Application\Home\Controller\PublicController.class.php 第 31 行.
NOTIC: [8] Undefined variable: topMenuId E:\wamp\www\OA_template\OA_template\Application\Home\Controller\PublicController.class.php 第 31 行.
NOTIC: [8] Undefined variable: topMenuId E:\wamp\www\OA_template\OA_template\Application\Home\Controller\PublicController.class.php 第 31 行.
NOTIC: [8] Undefined variable: topMenuId E:\wamp\www\OA_template\OA_template\Application\Home\Controller\PublicController.class.php 第 31 行.
NOTIC: [8] Undefined variable: topMenuId E:\wamp\www\OA_template\OA_template\Application\Home\Controller\PublicController.class.php 第 31 行.
INFO: Run Behavior\ParseTemplateBehavior [ RunTime:0.085723s ]
INFO: [ view_parse ] --END-- [ RunTime:0.085889s ]
INFO: [ view_filter ] --START--
INFO: Run Behavior\WriteHtmlCacheBehavior [ RunTime:0.000483s ]
INFO: [ view_filter ] --END-- [ RunTime:0.000629s ]
INFO: [ app_end ] --START--
INFO: Run Behavior\ShowPageTraceBehavior [ RunTime:0.000941s ]
INFO: [ app_end ] --END-- [ RunTime:0.001108s ]

[ 2016-08-28T11:42:28+08:00 ] ::1 /oa_template/OA_template/index.php
INFO: [ app_init ] --START--
INFO: Run Behavior\BuildLiteBehavior [ RunTime:0.000045s ]
INFO: [ app_init ] --END-- [ RunTime:0.000567s ]
INFO: [ app_begin ] --START--
INFO: Run Behavior\ReadHtmlCacheBehavior [ RunTime:0.000604s ]
INFO: [ app_begin ] --END-- [ RunTime:0.000775s ]
INFO: [ view_parse ] --START--
INFO: [ template_filter ] --START--
INFO: Run Behavior\ContentReplaceBehavior [ RunTime:0.000154s ]
INFO: [ template_filter ] --END-- [ RunTime:0.000329s ]
NOTIC: [8] Undefined variable: parseStr E:\wamp\www\OA_template\OA_template\Application\Home\Controller\PublicController.class.php 第 27 行.
NOTIC: [8] Undefined variable: topMenuId E:\wamp\www\OA_template\OA_template\Application\Home\Controller\PublicController.class.php 第 31 行.
NOTIC: [8] Undefined variable: topMenuId E:\wamp\www\OA_template\OA_template\Application\Home\Controller\PublicController.class.php 第 31 行.
NOTIC: [8] Undefined variable: topMenuId E:\wamp\www\OA_template\OA_template\Application\Home\Controller\PublicController.class.php 第 31 行.
NOTIC: [8] Undefined variable: topMenuId E:\wamp\www\OA_template\OA_template\Application\Home\Controller\PublicController.class.php 第 31 行.
NOTIC: [8] Undefined variable: topMenuId E:\wamp\www\OA_template\OA_template\Application\Home\Controller\PublicController.class.php 第 31 行.
INFO: Run Behavior\ParseTemplateBehavior [ RunTime:0.089015s ]
INFO: [ view_parse ] --END-- [ RunTime:0.089176s ]
INFO: [ view_filter ] --START--
INFO: Run Behavior\WriteHtmlCacheBehavior [ RunTime:0.000488s ]
INFO: [ view_filter ] --END-- [ RunTime:0.000633s ]
INFO: [ app_end ] --START--
INFO: Run Behavior\ShowPageTraceBehavior [ RunTime:0.000899s ]
INFO: [ app_end ] --END-- [ RunTime:0.001076s ]

[ 2016-08-28T11:42:53+08:00 ] ::1 /oa_template/OA_template/index.php
INFO: [ app_init ] --START--
INFO: Run Behavior\BuildLiteBehavior [ RunTime:0.000035s ]
INFO: [ app_init ] --END-- [ RunTime:0.000522s ]
INFO: [ app_begin ] --START--
INFO: Run Behavior\ReadHtmlCacheBehavior [ RunTime:0.000557s ]
INFO: [ app_begin ] --END-- [ RunTime:0.000716s ]
INFO: [ view_parse ] --START--
INFO: [ template_filter ] --START--
INFO: Run Behavior\ContentReplaceBehavior [ RunTime:0.000154s ]
INFO: [ template_filter ] --END-- [ RunTime:0.000325s ]
NOTIC: [8] Undefined variable: parseStr E:\wamp\www\OA_template\OA_template\Application\Home\Controller\PublicController.class.php 第 27 行.
NOTIC: [8] Undefined variable: topMenuId E:\wamp\www\OA_template\OA_template\Application\Home\Controller\PublicController.class.php 第 31 行.
NOTIC: [8] Undefined variable: topMenuId E:\wamp\www\OA_template\OA_template\Application\Home\Controller\PublicController.class.php 第 31 行.
NOTIC: [8] Undefined variable: topMenuId E:\wamp\www\OA_template\OA_template\Application\Home\Controller\PublicController.class.php 第 31 行.
NOTIC: [8] Undefined variable: topMenuId E:\wamp\www\OA_template\OA_template\Application\Home\Controller\PublicController.class.php 第 31 行.
NOTIC: [8] Undefined variable: topMenuId E:\wamp\www\OA_template\OA_template\Application\Home\Controller\PublicController.class.php 第 31 行.
INFO: Run Behavior\ParseTemplateBehavior [ RunTime:0.082002s ]
INFO: [ view_parse ] --END-- [ RunTime:0.082285s ]
INFO: [ view_filter ] --START--
INFO: Run Behavior\WriteHtmlCacheBehavior [ RunTime:0.000966s ]
INFO: [ view_filter ] --END-- [ RunTime:0.001173s ]
INFO: [ app_end ] --START--
INFO: Run Behavior\ShowPageTraceBehavior [ RunTime:0.001151s ]
INFO: [ app_end ] --END-- [ RunTime:0.001443s ]

[ 2016-08-28T11:42:55+08:00 ] ::1 /oa_template/OA_template/index.php
INFO: [ app_init ] --START--
INFO: Run Behavior\BuildLiteBehavior [ RunTime:0.000062s ]
INFO: [ app_init ] --END-- [ RunTime:0.000879s ]
INFO: [ app_begin ] --START--
INFO: Run Behavior\ReadHtmlCacheBehavior [ RunTime:0.000582s ]
INFO: [ app_begin ] --END-- [ RunTime:0.000805s ]
INFO: [ view_parse ] --START--
INFO: [ template_filter ] --START--
INFO: Run Behavior\ContentReplaceBehavior [ RunTime:0.000273s ]
INFO: [ template_filter ] --END-- [ RunTime:0.000591s ]
NOTIC: [8] Undefined variable: parseStr E:\wamp\www\OA_template\OA_template\Application\Home\Controller\PublicController.class.php 第 27 行.
NOTIC: [8] Undefined variable: topMenuId E:\wamp\www\OA_template\OA_template\Application\Home\Controller\PublicController.class.php 第 31 行.
NOTIC: [8] Undefined variable: topMenuId E:\wamp\www\OA_template\OA_template\Application\Home\Controller\PublicController.class.php 第 31 行.
NOTIC: [8] Undefined variable: topMenuId E:\wamp\www\OA_template\OA_template\Application\Home\Controller\PublicController.class.php 第 31 行.
NOTIC: [8] Undefined variable: topMenuId E:\wamp\www\OA_template\OA_template\Application\Home\Controller\PublicController.class.php 第 31 行.
NOTIC: [8] Undefined variable: topMenuId E:\wamp\www\OA_template\OA_template\Application\Home\Controller\PublicController.class.php 第 31 行.
INFO: Run Behavior\ParseTemplateBehavior [ RunTime:0.104504s ]
INFO: [ view_parse ] --END-- [ RunTime:0.104729s ]
INFO: [ view_filter ] --START--
INFO: Run Behavior\WriteHtmlCacheBehavior [ RunTime:0.000548s ]
INFO: [ view_filter ] --END-- [ RunTime:0.000813s ]
INFO: [ app_end ] --START--
INFO: Run Behavior\ShowPageTraceBehavior [ RunTime:0.001046s ]
INFO: [ app_end ] --END-- [ RunTime:0.001272s ]

[ 2016-08-28T11:42:57+08:00 ] ::1 /oa_template/OA_template/index.php
INFO: [ app_init ] --START--
INFO: Run Behavior\BuildLiteBehavior [ RunTime:0.000039s ]
INFO: [ app_init ] --END-- [ RunTime:0.000765s ]
INFO: [ app_begin ] --START--
INFO: Run Behavior\ReadHtmlCacheBehavior [ RunTime:0.000608s ]
INFO: [ app_begin ] --END-- [ RunTime:0.000786s ]
INFO: [ view_parse ] --START--
INFO: [ template_filter ] --START--
INFO: Run Behavior\ContentReplaceBehavior [ RunTime:0.000154s ]
INFO: [ template_filter ] --END-- [ RunTime:0.000325s ]
NOTIC: [8] Undefined variable: parseStr E:\wamp\www\OA_template\OA_template\Application\Home\Controller\PublicController.class.php 第 27 行.
NOTIC: [8] Undefined variable: topMenuId E:\wamp\www\OA_template\OA_template\Application\Home\Controller\PublicController.class.php 第 31 行.
NOTIC: [8] Undefined variable: topMenuId E:\wamp\www\OA_template\OA_template\Application\Home\Controller\PublicController.class.php 第 31 行.
NOTIC: [8] Undefined variable: topMenuId E:\wamp\www\OA_template\OA_template\Application\Home\Controller\PublicController.class.php 第 31 行.
NOTIC: [8] Undefined variable: topMenuId E:\wamp\www\OA_template\OA_template\Application\Home\Controller\PublicController.class.php 第 31 行.
NOTIC: [8] Undefined variable: topMenuId E:\wamp\www\OA_template\OA_template\Application\Home\Controller\PublicController.class.php 第 31 行.
INFO: Run Behavior\ParseTemplateBehavior [ RunTime:0.096977s ]
INFO: [ view_parse ] --END-- [ RunTime:0.097148s ]
INFO: [ view_filter ] --START--
INFO: Run Behavior\WriteHtmlCacheBehavior [ RunTime:0.000505s ]
INFO: [ view_filter ] --END-- [ RunTime:0.000653s ]
INFO: [ app_end ] --START--
INFO: Run Behavior\ShowPageTraceBehavior [ RunTime:0.000883s ]
INFO: [ app_end ] --END-- [ RunTime:0.001102s ]

[ 2016-08-28T11:42:58+08:00 ] ::1 /oa_template/OA_template/index.php
INFO: [ app_init ] --START--
INFO: Run Behavior\BuildLiteBehavior [ RunTime:0.000061s ]
INFO: [ app_init ] --END-- [ RunTime:0.000861s ]
INFO: [ app_begin ] --START--
INFO: Run Behavior\ReadHtmlCacheBehavior [ RunTime:0.001093s ]
INFO: [ app_begin ] --END-- [ RunTime:0.001405s ]
INFO: [ view_parse ] --START--
INFO: [ template_filter ] --START--
INFO: Run Behavior\ContentReplaceBehavior [ RunTime:0.000156s ]
INFO: [ template_filter ] --END-- [ RunTime:0.000323s ]
NOTIC: [8] Undefined variable: parseStr E:\wamp\www\OA_template\OA_template\Application\Home\Controller\PublicController.class.php 第 27 行.
NOTIC: [8] Undefined variable: topMenuId E:\wamp\www\OA_template\OA_template\Application\Home\Controller\PublicController.class.php 第 31 行.
NOTIC: [8] Undefined variable: topMenuId E:\wamp\www\OA_template\OA_template\Application\Home\Controller\PublicController.class.php 第 31 行.
NOTIC: [8] Undefined variable: topMenuId E:\wamp\www\OA_template\OA_template\Application\Home\Controller\PublicController.class.php 第 31 行.
NOTIC: [8] Undefined variable: topMenuId E:\wamp\www\OA_template\OA_template\Application\Home\Controller\PublicController.class.php 第 31 行.
NOTIC: [8] Undefined variable: topMenuId E:\wamp\www\OA_template\OA_template\Application\Home\Controller\PublicController.class.php 第 31 行.
INFO: Run Behavior\ParseTemplateBehavior [ RunTime:0.093534s ]
INFO: [ view_parse ] --END-- [ RunTime:0.093751s ]
INFO: [ view_filter ] --START--
INFO: Run Behavior\WriteHtmlCacheBehavior [ RunTime:0.000522s ]
INFO: [ view_filter ] --END-- [ RunTime:0.000669s ]
INFO: [ app_end ] --START--
INFO: Run Behavior\ShowPageTraceBehavior [ RunTime:0.001177s ]
INFO: [ app_end ] --END-- [ RunTime:0.001467s ]

[ 2016-08-28T11:43:17+08:00 ] ::1 /oa_template/OA_template/index.php
INFO: [ app_init ] --START--
INFO: Run Behavior\BuildLiteBehavior [ RunTime:0.000035s ]
INFO: [ app_init ] --END-- [ RunTime:0.000542s ]
INFO: [ app_begin ] --START--
INFO: Run Behavior\ReadHtmlCacheBehavior [ RunTime:0.000957s ]
INFO: [ app_begin ] --END-- [ RunTime:0.001227s ]
INFO: [ view_parse ] --START--
INFO: [ template_filter ] --START--
INFO: Run Behavior\ContentReplaceBehavior [ RunTime:0.000149s ]
INFO: [ template_filter ] --END-- [ RunTime:0.000311s ]
NOTIC: [8] Undefined variable: parseStr E:\wamp\www\OA_template\OA_template\Application\Home\Controller\PublicController.class.php 第 27 行.
NOTIC: [8] Undefined variable: topMenuId E:\wamp\www\OA_template\OA_template\Application\Home\Controller\PublicController.class.php 第 31 行.
NOTIC: [8] Undefined variable: topMenuId E:\wamp\www\OA_template\OA_template\Application\Home\Controller\PublicController.class.php 第 31 行.
NOTIC: [8] Undefined variable: topMenuId E:\wamp\www\OA_template\OA_template\Application\Home\Controller\PublicController.class.php 第 31 行.
NOTIC: [8] Undefined variable: topMenuId E:\wamp\www\OA_template\OA_template\Application\Home\Controller\PublicController.class.php 第 31 行.
NOTIC: [8] Undefined variable: topMenuId E:\wamp\www\OA_template\OA_template\Application\Home\Controller\PublicController.class.php 第 31 行.
INFO: Run Behavior\ParseTemplateBehavior [ RunTime:0.086004s ]
INFO: [ view_parse ] --END-- [ RunTime:0.086164s ]
INFO: [ view_filter ] --START--
INFO: Run Behavior\WriteHtmlCacheBehavior [ RunTime:0.000487s ]
INFO: [ view_filter ] --END-- [ RunTime:0.000635s ]
INFO: [ app_end ] --START--
INFO: Run Behavior\ShowPageTraceBehavior [ RunTime:0.001254s ]
INFO: [ app_end ] --END-- [ RunTime:0.001532s ]

[ 2016-08-28T11:43:21+08:00 ] ::1 /oa_template/OA_template/index.php/Home/Sector/index
INFO: [ app_init ] --START--
INFO: Run Behavior\BuildLiteBehavior [ RunTime:0.000062s ]
INFO: [ app_init ] --END-- [ RunTime:0.000876s ]
INFO: [ app_begin ] --START--
INFO: Run Behavior\ReadHtmlCacheBehavior [ RunTime:0.000628s ]
INFO: [ app_begin ] --END-- [ RunTime:0.000865s ]
INFO: [ view_parse ] --START--
INFO: [ template_filter ] --START--
INFO: Run Behavior\ContentReplaceBehavior [ RunTime:0.000147s ]
INFO: [ template_filter ] --END-- [ RunTime:0.000318s ]
NOTIC: [8] Undefined variable: parseStr E:\wamp\www\OA_template\OA_template\Application\Home\Controller\PublicController.class.php 第 27 行.
NOTIC: [8] Undefined variable: topMenuId E:\wamp\www\OA_template\OA_template\Application\Home\Controller\PublicController.class.php 第 31 行.
NOTIC: [8] Undefined variable: topMenuId E:\wamp\www\OA_template\OA_template\Application\Home\Controller\PublicController.class.php 第 31 行.
NOTIC: [8] Undefined variable: topMenuId E:\wamp\www\OA_template\OA_template\Application\Home\Controller\PublicController.class.php 第 31 行.
NOTIC: [8] Undefined variable: topMenuId E:\wamp\www\OA_template\OA_template\Application\Home\Controller\PublicController.class.php 第 31 行.
NOTIC: [8] Undefined variable: topMenuId E:\wamp\www\OA_template\OA_template\Application\Home\Controller\PublicController.class.php 第 31 行.
INFO: Run Behavior\ParseTemplateBehavior [ RunTime:0.062991s ]
INFO: [ view_parse ] --END-- [ RunTime:0.063366s ]
INFO: [ view_filter ] --START--
INFO: Run Behavior\WriteHtmlCacheBehavior [ RunTime:0.000911s ]
INFO: [ view_filter ] --END-- [ RunTime:0.003042s ]
INFO: [ app_end ] --START--
INFO: Run Behavior\ShowPageTraceBehavior [ RunTime:0.000785s ]
INFO: [ app_end ] --END-- [ RunTime:0.001003s ]

[ 2016-08-28T11:43:22+08:00 ] ::1 /oa_template/OA_template/index.php/Home/News/index
INFO: [ app_init ] --START--
INFO: Run Behavior\BuildLiteBehavior [ RunTime:0.000036s ]
INFO: [ app_init ] --END-- [ RunTime:0.000542s ]
INFO: [ app_begin ] --START--
INFO: Run Behavior\ReadHtmlCacheBehavior [ RunTime:0.001243s ]
INFO: [ app_begin ] --END-- [ RunTime:0.001575s ]
INFO: [ view_parse ] --START--
INFO: [ template_filter ] --START--
INFO: Run Behavior\ContentReplaceBehavior [ RunTime:0.000267s ]
INFO: [ template_filter ] --END-- [ RunTime:0.000633s ]
NOTIC: [8] Undefined variable: parseStr E:\wamp\www\OA_template\OA_template\Application\Home\Controller\PublicController.class.php 第 27 行.
NOTIC: [8] Undefined variable: topMenuId E:\wamp\www\OA_template\OA_template\Application\Home\Controller\PublicController.class.php 第 31 行.
NOTIC: [8] Undefined variable: topMenuId E:\wamp\www\OA_template\OA_template\Application\Home\Controller\PublicController.class.php 第 31 行.
NOTIC: [8] Undefined variable: topMenuId E:\wamp\www\OA_template\OA_template\Application\Home\Controller\PublicController.class.php 第 31 行.
NOTIC: [8] Undefined variable: topMenuId E:\wamp\www\OA_template\OA_template\Application\Home\Controller\PublicController.class.php 第 31 行.
NOTIC: [8] Undefined variable: topMenuId E:\wamp\www\OA_template\OA_template\Application\Home\Controller\PublicController.class.php 第 31 行.
INFO: Run Behavior\ParseTemplateBehavior [ RunTime:0.062578s ]
INFO: [ view_parse ] --END-- [ RunTime:0.062796s ]
INFO: [ view_filter ] --START--
INFO: Run Behavior\WriteHtmlCacheBehavior [ RunTime:0.001062s ]
INFO: [ view_filter ] --END-- [ RunTime:0.001383s ]
INFO: [ app_end ] --START--
INFO: Run Behavior\ShowPageTraceBehavior [ RunTime:0.001256s ]
INFO: [ app_end ] --END-- [ RunTime:0.001552s ]

[ 2016-08-28T11:43:24+08:00 ] ::1 /oa_template/OA_template/index.php/Home
INFO: [ app_init ] --START--
INFO: Run Behavior\BuildLiteBehavior [ RunTime:0.000066s ]
INFO: [ app_init ] --END-- [ RunTime:0.000836s ]
INFO: [ app_begin ] --START--
INFO: Run Behavior\ReadHtmlCacheBehavior [ RunTime:0.000917s ]
INFO: [ app_begin ] --END-- [ RunTime:0.001210s ]
INFO: [ view_parse ] --START--
INFO: [ template_filter ] --START--
INFO: Run Behavior\ContentReplaceBehavior [ RunTime:0.000162s ]
INFO: [ template_filter ] --END-- [ RunTime:0.000330s ]
NOTIC: [8] Undefined variable: parseStr E:\wamp\www\OA_template\OA_template\Application\Home\Controller\PublicController.class.php 第 27 行.
NOTIC: [8] Undefined variable: topMenuId E:\wamp\www\OA_template\OA_template\Application\Home\Controller\PublicController.class.php 第 31 行.
NOTIC: [8] Undefined variable: topMenuId E:\wamp\www\OA_template\OA_template\Application\Home\Controller\PublicController.class.php 第 31 行.
NOTIC: [8] Undefined variable: topMenuId E:\wamp\www\OA_template\OA_template\Application\Home\Controller\PublicController.class.php 第 31 行.
NOTIC: [8] Undefined variable: topMenuId E:\wamp\www\OA_template\OA_template\Application\Home\Controller\PublicController.class.php 第 31 行.
NOTIC: [8] Undefined variable: topMenuId E:\wamp\www\OA_template\OA_template\Application\Home\Controller\PublicController.class.php 第 31 行.
INFO: Run Behavior\ParseTemplateBehavior [ RunTime:0.084282s ]
INFO: [ view_parse ] --END-- [ RunTime:0.084502s ]
INFO: [ view_filter ] --START--
INFO: Run Behavior\WriteHtmlCacheBehavior [ RunTime:0.000689s ]
INFO: [ view_filter ] --END-- [ RunTime:0.000838s ]
INFO: [ app_end ] --START--
INFO: Run Behavior\ShowPageTraceBehavior [ RunTime:0.001032s ]
INFO: [ app_end ] --END-- [ RunTime:0.001255s ]

[ 2016-08-28T11:43:25+08:00 ] ::1 /oa_template/OA_template/index.php/Home
INFO: [ app_init ] --START--
INFO: Run Behavior\BuildLiteBehavior [ RunTime:0.000068s ]
INFO: [ app_init ] --END-- [ RunTime:0.000982s ]
INFO: [ app_begin ] --START--
INFO: Run Behavior\ReadHtmlCacheBehavior [ RunTime:0.000910s ]
INFO: [ app_begin ] --END-- [ RunTime:0.001150s ]
INFO: [ view_parse ] --START--
INFO: [ template_filter ] --START--
INFO: Run Behavior\ContentReplaceBehavior [ RunTime:0.000163s ]
INFO: [ template_filter ] --END-- [ RunTime:0.000350s ]
NOTIC: [8] Undefined variable: parseStr E:\wamp\www\OA_template\OA_template\Application\Home\Controller\PublicController.class.php 第 27 行.
NOTIC: [8] Undefined variable: topMenuId E:\wamp\www\OA_template\OA_template\Application\Home\Controller\PublicController.class.php 第 31 行.
NOTIC: [8] Undefined variable: topMenuId E:\wamp\www\OA_template\OA_template\Application\Home\Controller\PublicController.class.php 第 31 行.
NOTIC: [8] Undefined variable: topMenuId E:\wamp\www\OA_template\OA_template\Application\Home\Controller\PublicController.class.php 第 31 行.
NOTIC: [8] Undefined variable: topMenuId E:\wamp\www\OA_template\OA_template\Application\Home\Controller\PublicController.class.php 第 31 行.
NOTIC: [8] Undefined variable: topMenuId E:\wamp\www\OA_template\OA_template\Application\Home\Controller\PublicController.class.php 第 31 行.
INFO: Run Behavior\ParseTemplateBehavior [ RunTime:0.111007s ]
INFO: [ view_parse ] --END-- [ RunTime:0.111170s ]
INFO: [ view_filter ] --START--
INFO: Run Behavior\WriteHtmlCacheBehavior [ RunTime:0.000483s ]
INFO: [ view_filter ] --END-- [ RunTime:0.000630s ]
INFO: [ app_end ] --START--
INFO: Run Behavior\ShowPageTraceBehavior [ RunTime:0.000859s ]
INFO: [ app_end ] --END-- [ RunTime:0.001045s ]

[ 2016-08-28T11:43:26+08:00 ] ::1 /oa_template/OA_template/index.php/Home/News/index
INFO: [ app_init ] --START--
INFO: Run Behavior\BuildLiteBehavior [ RunTime:0.000068s ]
INFO: [ app_init ] --END-- [ RunTime:0.000937s ]
INFO: [ app_begin ] --START--
INFO: Run Behavior\ReadHtmlCacheBehavior [ RunTime:0.000910s ]
INFO: [ app_begin ] --END-- [ RunTime:0.001216s ]
INFO: [ view_parse ] --START--
INFO: [ template_filter ] --START--
INFO: Run Behavior\ContentReplaceBehavior [ RunTime:0.000151s ]
INFO: [ template_filter ] --END-- [ RunTime:0.000322s ]
NOTIC: [8] Undefined variable: parseStr E:\wamp\www\OA_template\OA_template\Application\Home\Controller\PublicController.class.php 第 27 行.
NOTIC: [8] Undefined variable: topMenuId E:\wamp\www\OA_template\OA_template\Application\Home\Controller\PublicController.class.php 第 31 行.
NOTIC: [8] Undefined variable: topMenuId E:\wamp\www\OA_template\OA_template\Application\Home\Controller\PublicController.class.php 第 31 行.
NOTIC: [8] Undefined variable: topMenuId E:\wamp\www\OA_template\OA_template\Application\Home\Controller\PublicController.class.php 第 31 行.
NOTIC: [8] Undefined variable: topMenuId E:\wamp\www\OA_template\OA_template\Application\Home\Controller\PublicController.class.php 第 31 行.
NOTIC: [8] Undefined variable: topMenuId E:\wamp\www\OA_template\OA_template\Application\Home\Controller\PublicController.class.php 第 31 行.
INFO: Run Behavior\ParseTemplateBehavior [ RunTime:0.070383s ]
INFO: [ view_parse ] --END-- [ RunTime:0.070713s ]
INFO: [ view_filter ] --START--
INFO: Run Behavior\WriteHtmlCacheBehavior [ RunTime:0.001452s ]
INFO: [ view_filter ] --END-- [ RunTime:0.001723s ]
INFO: [ app_end ] --START--
INFO: Run Behavior\ShowPageTraceBehavior [ RunTime:0.000887s ]
INFO: [ app_end ] --END-- [ RunTime:0.001109s ]

[ 2016-08-28T11:43:26+08:00 ] ::1 /oa_template/OA_template/index.php/Home/Sector/index
INFO: [ app_init ] --START--
INFO: Run Behavior\BuildLiteBehavior [ RunTime:0.000036s ]
INFO: [ app_init ] --END-- [ RunTime:0.000549s ]
INFO: [ app_begin ] --START--
INFO: Run Behavior\ReadHtmlCacheBehavior [ RunTime:0.000613s ]
INFO: [ app_begin ] --END-- [ RunTime:0.000789s ]
INFO: [ view_parse ] --START--
INFO: [ template_filter ] --START--
INFO: Run Behavior\ContentReplaceBehavior [ RunTime:0.000145s ]
INFO: [ template_filter ] --END-- [ RunTime:0.000323s ]
NOTIC: [8] Undefined variable: parseStr E:\wamp\www\OA_template\OA_template\Application\Home\Controller\PublicController.class.php 第 27 行.
NOTIC: [8] Undefined variable: topMenuId E:\wamp\www\OA_template\OA_template\Application\Home\Controller\PublicController.class.php 第 31 行.
NOTIC: [8] Undefined variable: topMenuId E:\wamp\www\OA_template\OA_template\Application\Home\Controller\PublicController.class.php 第 31 行.
NOTIC: [8] Undefined variable: topMenuId E:\wamp\www\OA_template\OA_template\Application\Home\Controller\PublicController.class.php 第 31 行.
NOTIC: [8] Undefined variable: topMenuId E:\wamp\www\OA_template\OA_template\Application\Home\Controller\PublicController.class.php 第 31 行.
NOTIC: [8] Undefined variable: topMenuId E:\wamp\www\OA_template\OA_template\Application\Home\Controller\PublicController.class.php 第 31 行.
INFO: Run Behavior\ParseTemplateBehavior [ RunTime:0.017218s ]
INFO: [ view_parse ] --END-- [ RunTime:0.017499s ]
INFO: [ view_filter ] --START--
INFO: Run Behavior\WriteHtmlCacheBehavior [ RunTime:0.000891s ]
INFO: [ view_filter ] --END-- [ RunTime:0.001158s ]
INFO: [ app_end ] --START--
INFO: Run Behavior\ShowPageTraceBehavior [ RunTime:0.000959s ]
INFO: [ app_end ] --END-- [ RunTime:0.001164s ]

[ 2016-08-28T13:23:35+08:00 ] ::1 /oa_template/OA_template/index.php/Home/Sector/details
INFO: [ app_init ] --START--
INFO: Run Behavior\BuildLiteBehavior [ RunTime:0.000062s ]
INFO: [ app_init ] --END-- [ RunTime:0.000982s ]
INFO: [ app_begin ] --START--
INFO: Run Behavior\ReadHtmlCacheBehavior [ RunTime:0.000780s ]
INFO: [ app_begin ] --END-- [ RunTime:0.000957s ]
INFO: [ view_parse ] --START--
INFO: [ template_filter ] --START--
INFO: Run Behavior\ContentReplaceBehavior [ RunTime:0.000154s ]
INFO: [ template_filter ] --END-- [ RunTime:0.000333s ]
NOTIC: [8] Undefined variable: parseStr E:\wamp\www\OA_template\OA_template\Application\Home\Controller\PublicController.class.php 第 27 行.
NOTIC: [8] Undefined variable: topMenuId E:\wamp\www\OA_template\OA_template\Application\Home\Controller\PublicController.class.php 第 31 行.
NOTIC: [8] Undefined variable: topMenuId E:\wamp\www\OA_template\OA_template\Application\Home\Controller\PublicController.class.php 第 31 行.
NOTIC: [8] Undefined variable: topMenuId E:\wamp\www\OA_template\OA_template\Application\Home\Controller\PublicController.class.php 第 31 行.
NOTIC: [8] Undefined variable: topMenuId E:\wamp\www\OA_template\OA_template\Application\Home\Controller\PublicController.class.php 第 31 行.
NOTIC: [8] Undefined variable: topMenuId E:\wamp\www\OA_template\OA_template\Application\Home\Controller\PublicController.class.php 第 31 行.
INFO: Run Behavior\ParseTemplateBehavior [ RunTime:0.118837s ]
INFO: [ view_parse ] --END-- [ RunTime:0.119060s ]
INFO: [ view_filter ] --START--
INFO: Run Behavior\WriteHtmlCacheBehavior [ RunTime:0.000650s ]
INFO: [ view_filter ] --END-- [ RunTime:0.000797s ]
INFO: [ app_end ] --START--
INFO: Run Behavior\ShowPageTraceBehavior [ RunTime:0.001513s ]
INFO: [ app_end ] --END-- [ RunTime:0.001815s ]

