[ 2016-08-23T00:09:36+08:00 ] ::1 /OA_template/
INFO: [ app_init ] --START--
INFO: Run Behavior\BuildLiteBehavior [ RunTime:0.000044s ]
INFO: [ app_init ] --END-- [ RunTime:0.009843s ]
INFO: [ app_begin ] --START--
INFO: Run Behavior\ReadHtmlCacheBehavior [ RunTime:0.000958s ]
INFO: [ app_begin ] --END-- [ RunTime:0.001185s ]
INFO: [ view_parse ] --START--
INFO: [ template_filter ] --START--
INFO: Run Behavior\ContentReplaceBehavior [ RunTime:0.005310s ]
INFO: [ template_filter ] --END-- [ RunTime:0.005533s ]
NOTIC: [8] Undefined variable: parseStr D:\wamp\www\OA_template\Application\Home\Controller\PublicController.class.php 第 27 行.
NOTIC: [8] Undefined variable: topMenuId D:\wamp\www\OA_template\Application\Home\Controller\PublicController.class.php 第 31 行.
NOTIC: [8] Undefined variable: topMenuId D:\wamp\www\OA_template\Application\Home\Controller\PublicController.class.php 第 31 行.
NOTIC: [8] Undefined variable: topMenuId D:\wamp\www\OA_template\Application\Home\Controller\PublicController.class.php 第 31 行.
NOTIC: [8] Undefined variable: topMenuId D:\wamp\www\OA_template\Application\Home\Controller\PublicController.class.php 第 31 行.
NOTIC: [8] Undefined variable: topMenuId D:\wamp\www\OA_template\Application\Home\Controller\PublicController.class.php 第 31 行.
INFO: Run Behavior\ParseTemplateBehavior [ RunTime:0.024311s ]
INFO: [ view_parse ] --END-- [ RunTime:0.024515s ]
INFO: [ view_filter ] --START--
INFO: Run Behavior\WriteHtmlCacheBehavior [ RunTime:0.000875s ]
INFO: [ view_filter ] --END-- [ RunTime:0.001076s ]
INFO: [ app_end ] --START--
INFO: Run Behavior\ShowPageTraceBehavior [ RunTime:0.001256s ]
INFO: [ app_end ] --END-- [ RunTime:0.001571s ]

[ 2016-08-23T00:19:23+08:00 ] ::1 /OA_template/
INFO: [ app_init ] --START--
INFO: Run Behavior\BuildLiteBehavior [ RunTime:0.000046s ]
INFO: [ app_init ] --END-- [ RunTime:0.000867s ]
INFO: [ app_begin ] --START--
INFO: Run Behavior\ReadHtmlCacheBehavior [ RunTime:0.001242s ]
INFO: [ app_begin ] --END-- [ RunTime:0.001575s ]
INFO: [ view_parse ] --START--
INFO: [ template_filter ] --START--
INFO: Run Behavior\ContentReplaceBehavior [ RunTime:0.000179s ]
INFO: [ template_filter ] --END-- [ RunTime:0.000392s ]
NOTIC: [8] Undefined variable: parseStr D:\wamp\www\OA_template\Application\Home\Controller\PublicController.class.php 第 27 行.
NOTIC: [8] Undefined variable: topMenuId D:\wamp\www\OA_template\Application\Home\Controller\PublicController.class.php 第 31 行.
NOTIC: [8] Undefined variable: topMenuId D:\wamp\www\OA_template\Application\Home\Controller\PublicController.class.php 第 31 行.
NOTIC: [8] Undefined variable: topMenuId D:\wamp\www\OA_template\Application\Home\Controller\PublicController.class.php 第 31 行.
NOTIC: [8] Undefined variable: topMenuId D:\wamp\www\OA_template\Application\Home\Controller\PublicController.class.php 第 31 行.
NOTIC: [8] Undefined variable: topMenuId D:\wamp\www\OA_template\Application\Home\Controller\PublicController.class.php 第 31 行.
INFO: Run Behavior\ParseTemplateBehavior [ RunTime:0.017321s ]
INFO: [ view_parse ] --END-- [ RunTime:0.017527s ]
INFO: [ view_filter ] --START--
INFO: Run Behavior\WriteHtmlCacheBehavior [ RunTime:0.000649s ]
INFO: [ view_filter ] --END-- [ RunTime:0.000836s ]
INFO: [ app_end ] --START--
INFO: Run Behavior\ShowPageTraceBehavior [ RunTime:0.001147s ]
INFO: [ app_end ] --END-- [ RunTime:0.001390s ]

[ 2016-08-23T00:19:26+08:00 ] ::1 /OA_template/index.php
INFO: [ app_init ] --START--
INFO: Run Behavior\BuildLiteBehavior [ RunTime:0.000045s ]
INFO: [ app_init ] --END-- [ RunTime:0.000881s ]
INFO: [ app_begin ] --START--
INFO: Run Behavior\ReadHtmlCacheBehavior [ RunTime:0.001413s ]
INFO: [ app_begin ] --END-- [ RunTime:0.001808s ]
INFO: [ view_parse ] --START--
INFO: [ template_filter ] --START--
INFO: Run Behavior\ContentReplaceBehavior [ RunTime:0.000280s ]
INFO: [ template_filter ] --END-- [ RunTime:0.000689s ]
NOTIC: [8] Undefined variable: parseStr D:\wamp\www\OA_template\Application\Home\Controller\PublicController.class.php 第 27 行.
NOTIC: [8] Undefined variable: topMenuId D:\wamp\www\OA_template\Application\Home\Controller\PublicController.class.php 第 31 行.
NOTIC: [8] Undefined variable: topMenuId D:\wamp\www\OA_template\Application\Home\Controller\PublicController.class.php 第 31 行.
NOTIC: [8] Undefined variable: topMenuId D:\wamp\www\OA_template\Application\Home\Controller\PublicController.class.php 第 31 行.
NOTIC: [8] Undefined variable: topMenuId D:\wamp\www\OA_template\Application\Home\Controller\PublicController.class.php 第 31 行.
NOTIC: [8] Undefined variable: topMenuId D:\wamp\www\OA_template\Application\Home\Controller\PublicController.class.php 第 31 行.
INFO: Run Behavior\ParseTemplateBehavior [ RunTime:0.019839s ]
INFO: [ view_parse ] --END-- [ RunTime:0.020072s ]
INFO: [ view_filter ] --START--
INFO: Run Behavior\WriteHtmlCacheBehavior [ RunTime:0.000780s ]
INFO: [ view_filter ] --END-- [ RunTime:0.000990s ]
INFO: [ app_end ] --START--
INFO: Run Behavior\ShowPageTraceBehavior [ RunTime:0.001317s ]
INFO: [ app_end ] --END-- [ RunTime:0.001960s ]

[ 2016-08-23T00:19:28+08:00 ] ::1 /OA_template/index.php
INFO: [ app_init ] --START--
INFO: Run Behavior\BuildLiteBehavior [ RunTime:0.000045s ]
INFO: [ app_init ] --END-- [ RunTime:0.000869s ]
INFO: [ app_begin ] --START--
INFO: Run Behavior\ReadHtmlCacheBehavior [ RunTime:0.000865s ]
INFO: [ app_begin ] --END-- [ RunTime:0.001110s ]
INFO: [ view_parse ] --START--
INFO: [ template_filter ] --START--
INFO: Run Behavior\ContentReplaceBehavior [ RunTime:0.000168s ]
INFO: [ template_filter ] --END-- [ RunTime:0.000383s ]
NOTIC: [8] Undefined variable: parseStr D:\wamp\www\OA_template\Application\Home\Controller\PublicController.class.php 第 27 行.
NOTIC: [8] Undefined variable: topMenuId D:\wamp\www\OA_template\Application\Home\Controller\PublicController.class.php 第 31 行.
NOTIC: [8] Undefined variable: topMenuId D:\wamp\www\OA_template\Application\Home\Controller\PublicController.class.php 第 31 行.
NOTIC: [8] Undefined variable: topMenuId D:\wamp\www\OA_template\Application\Home\Controller\PublicController.class.php 第 31 行.
NOTIC: [8] Undefined variable: topMenuId D:\wamp\www\OA_template\Application\Home\Controller\PublicController.class.php 第 31 行.
NOTIC: [8] Undefined variable: topMenuId D:\wamp\www\OA_template\Application\Home\Controller\PublicController.class.php 第 31 行.
INFO: Run Behavior\ParseTemplateBehavior [ RunTime:0.017117s ]
INFO: [ view_parse ] --END-- [ RunTime:0.017384s ]
INFO: [ view_filter ] --START--
INFO: Run Behavior\WriteHtmlCacheBehavior [ RunTime:0.000528s ]
INFO: [ view_filter ] --END-- [ RunTime:0.000716s ]
INFO: [ app_end ] --START--
INFO: Run Behavior\ShowPageTraceBehavior [ RunTime:0.000939s ]
INFO: [ app_end ] --END-- [ RunTime:0.001153s ]

