[ 2016-08-23T00:09:36+08:00 ] ::1 /OA_template/Public/js/jquery.min.js
INFO: [ app_init ] --START--
INFO: Run Behavior\BuildLiteBehavior [ RunTime:0.000086s ]
INFO: [ app_init ] --END-- [ RunTime:0.001397s ]
ERR: 无法加载模块:Public

[ 2016-08-23T00:09:36+08:00 ] ::1 /OA_template/Public/images/3.png
INFO: [ app_init ] --START--
INFO: Run Behavior\BuildLiteBehavior [ RunTime:0.000083s ]
INFO: [ app_init ] --END-- [ RunTime:0.001327s ]
ERR: 无法加载模块:Public

[ 2016-08-23T00:13:43+08:00 ] ::1 /OA_template/Public/js/jquery.min.map
INFO: [ app_init ] --START--
INFO: Run Behavior\BuildLiteBehavior [ RunTime:0.000084s ]
INFO: [ app_init ] --END-- [ RunTime:0.001334s ]
ERR: 无法加载模块:Public

[ 2016-08-23T00:19:23+08:00 ] ::1 /OA_template/Public/js/jquery.min.js
INFO: [ app_init ] --START--
INFO: Run Behavior\BuildLiteBehavior [ RunTime:0.000074s ]
INFO: [ app_init ] --END-- [ RunTime:0.001744s ]
ERR: 无法加载模块:Public

[ 2016-08-23T00:19:24+08:00 ] ::1 /OA_template/Public/images/3.png
INFO: [ app_init ] --START--
INFO: Run Behavior\BuildLiteBehavior [ RunTime:0.000044s ]
INFO: [ app_init ] --END-- [ RunTime:0.000748s ]
ERR: 无法加载模块:Public

[ 2016-08-23T00:19:26+08:00 ] ::1 /OA_template/Public/js/jquery.min.js
INFO: [ app_init ] --START--
INFO: Run Behavior\BuildLiteBehavior [ RunTime:0.000108s ]
INFO: [ app_init ] --END-- [ RunTime:0.001364s ]
ERR: 无法加载模块:Public

[ 2016-08-23T00:19:26+08:00 ] ::1 /OA_template/Public/js/jquery.min.js
INFO: [ app_init ] --START--
INFO: Run Behavior\BuildLiteBehavior [ RunTime:0.000078s ]
INFO: [ app_init ] --END-- [ RunTime:0.001360s ]
ERR: 无法加载模块:Public

[ 2016-08-23T00:19:28+08:00 ] ::1 /OA_template/Public/js/jquery.min.js
INFO: [ app_init ] --START--
INFO: Run Behavior\BuildLiteBehavior [ RunTime:0.000078s ]
INFO: [ app_init ] --END-- [ RunTime:0.001176s ]
ERR: 无法加载模块:Public

[ 2016-08-23T00:19:28+08:00 ] ::1 /OA_template/Public/js/jquery.min.js
INFO: [ app_init ] --START--
INFO: Run Behavior\BuildLiteBehavior [ RunTime:0.000091s ]
INFO: [ app_init ] --END-- [ RunTime:0.001523s ]
ERR: 无法加载模块:Public

[ 2016-08-23T00:19:34+08:00 ] ::1 /OA_template/Public/js/jquery.min.map
INFO: [ app_init ] --START--
INFO: Run Behavior\BuildLiteBehavior [ RunTime:0.000044s ]
INFO: [ app_init ] --END-- [ RunTime:0.000798s ]
ERR: 无法加载模块:Public

[ 2016-08-23T00:23:12+08:00 ] ::1 /OA_template/Public/js/jquery.min.map
INFO: [ app_init ] --START--
INFO: Run Behavior\BuildLiteBehavior [ RunTime:0.000046s ]
INFO: [ app_init ] --END-- [ RunTime:0.001037s ]
ERR: 无法加载模块:Public

